2023-05-18 15:33:53,540 INFO Starting Nacos v1.4.3 on localhost with PID 81754 (/Applications/work/bishe/CooperativeMedical/cmms/nacos/target/nacos-server.jar started by wangjia in /Applications/work/bishe/CooperativeMedical/cmms)

2023-05-18 15:33:53,540 INFO The following profiles are active: standalone

2023-05-18 15:33:54,682 INFO Bean 'org.springframework.security.access.expression.method.DefaultMethodSecurityExpressionHandler@41925502' of type [org.springframework.security.access.expression.method.DefaultMethodSecurityExpressionHandler] is not eligible for getting processed by all BeanPostProcessors (for example: not eligible for auto-proxying)

2023-05-18 15:33:54,684 INFO Bean 'methodSecurityMetadataSource' of type [org.springframework.security.access.method.DelegatingMethodSecurityMetadataSource] is not eligible for getting processed by all BeanPostProcessors (for example: not eligible for auto-proxying)

2023-05-18 15:33:54,878 INFO Tomcat initialized with port(s): 8858 (http)

2023-05-18 15:33:54,898 INFO Starting service [Tomcat]

2023-05-18 15:33:54,899 INFO Starting Servlet engine: [Apache Tomcat/9.0.38]

2023-05-18 15:33:55,062 INFO At least one JAR was scanned for TLDs yet contained no TLDs. Enable debug logging for this logger for a complete list of JARs that were scanned but no TLDs were found in them. Skipping unneeded JARs during scanning can improve startup time and JSP compilation time.

2023-05-18 15:33:55,093 INFO Initializing Spring embedded WebApplicationContext

2023-05-18 15:33:55,093 INFO Root WebApplicationContext: initialization completed in 1496 ms

2023-05-18 15:33:55,261 INFO HikariPool-1 - Starting...

2023-05-18 15:33:55,361 INFO HikariPool-1 - Start completed.

2023-05-18 15:33:55,537 INFO Nacos-related cluster resource initialization

2023-05-18 15:33:55,544 INFO The cluster resource is initialized

2023-05-18 15:33:55,748 INFO Reflections took 15 ms to scan 1 urls, producing 4 keys and 6 values 

2023-05-18 15:33:55,760 INFO Reflections took 2 ms to scan 1 urls, producing 6 keys and 26 values 

2023-05-18 15:33:55,766 INFO Reflections took 2 ms to scan 1 urls, producing 3 keys and 15 values 

2023-05-18 15:33:55,770 INFO Reflections took 1 ms to scan 1 urls, producing 2 keys and 12 values 

2023-05-18 15:33:56,052 INFO Initializing ExecutorService 'applicationTaskExecutor'

2023-05-18 15:33:56,112 INFO Adding welcome page: class path resource [static/index.html]

2023-05-18 15:33:56,265 INFO Creating filter chain: Ant [pattern='/**'], []

2023-05-18 15:33:56,281 INFO Creating filter chain: any request, [org.springframework.security.web.context.request.async.WebAsyncManagerIntegrationFilter@696b4a95, org.springframework.security.web.context.SecurityContextPersistenceFilter@2be95d31, org.springframework.security.web.header.HeaderWriterFilter@4ba02375, org.springframework.security.web.csrf.CsrfFilter@3c50ad4b, org.springframework.security.web.authentication.logout.LogoutFilter@2f860823, org.springframework.security.web.savedrequest.RequestCacheAwareFilter@2aa7399c, org.springframework.security.web.servletapi.SecurityContextHolderAwareRequestFilter@a5bbaec, org.springframework.security.web.authentication.AnonymousAuthenticationFilter@6c1cfa53, org.springframework.security.web.session.SessionManagementFilter@68ee3b6d, org.springframework.security.web.access.ExceptionTranslationFilter@35ee466f]

2023-05-18 15:33:56,322 INFO Initializing ExecutorService 'taskScheduler'

2023-05-18 15:33:56,336 INFO Exposing 2 endpoint(s) beneath base path '/actuator'

2023-05-18 15:33:56,402 INFO Tomcat started on port(s): 8858 (http) with context path '/nacos'

2023-05-18 15:33:56,403 INFO Started Nacos in 3.57 seconds (JVM running for 3.999)

2023-05-18 15:33:56,404 INFO Nacos started successfully in stand alone mode. use external storage

2023-05-18 15:34:05,396 INFO Initializing Spring DispatcherServlet 'dispatcherServlet'

2023-05-18 15:34:05,397 INFO Initializing Servlet 'dispatcherServlet'

2023-05-18 15:34:05,405 INFO Completed initialization in 8 ms

2023-05-18 15:43:55,896 INFO [capacityManagement] start correct usage

2023-05-18 15:43:55,936 INFO [capacityManagement] end correct usage, cost: 0s

2023-05-18 15:43:55,944 WARN clearConfigHistory start

2023-05-18 15:53:55,923 INFO [capacityManagement] start correct usage

2023-05-18 15:53:55,931 INFO [capacityManagement] end correct usage, cost: 0s

2023-05-18 15:53:55,948 WARN clearConfigHistory start

2023-05-18 16:03:55,947 INFO [capacityManagement] start correct usage

2023-05-18 16:03:55,960 INFO [capacityManagement] end correct usage, cost: 0s

2023-05-18 16:03:55,970 WARN clearConfigHistory start

2023-05-18 16:13:56,004 INFO [capacityManagement] start correct usage

2023-05-18 16:13:56,010 INFO [capacityManagement] end correct usage, cost: 0s

2023-05-18 16:13:56,028 WARN clearConfigHistory start

2023-05-18 16:23:56,009 INFO [capacityManagement] start correct usage

2023-05-18 16:23:56,021 INFO [capacityManagement] end correct usage, cost: 0s

2023-05-18 16:23:56,036 WARN clearConfigHistory start

2023-05-18 16:33:56,110 INFO [capacityManagement] start correct usage

2023-05-18 16:33:56,120 INFO [capacityManagement] end correct usage, cost: 0s

2023-05-18 16:33:56,143 WARN clearConfigHistory start

2023-05-18 16:43:56,159 INFO [capacityManagement] start correct usage

2023-05-18 16:43:56,166 INFO [capacityManagement] end correct usage, cost: 0s

2023-05-18 16:43:56,190 WARN clearConfigHistory start

2023-05-18 16:46:26,646 WARN [ConfigServer-HttpClientManager] Start destroying NacosRestTemplate

2023-05-18 16:46:26,648 WARN [HttpClientBeanHolder] Start destroying common HttpClient

2023-05-18 16:46:26,647 WARN [ThreadPoolManager] Start destroying ThreadPool

2023-05-18 16:46:26,647 WARN [WatchFileCenter] start close

2023-05-18 16:46:26,648 WARN [NotifyCenter] Start destroying Publisher

2023-05-18 16:46:26,649 WARN [WatchFileCenter] start to shutdown this watcher which is watch : /Applications/work/bishe/CooperativeMedical/cmms/nacos/conf

2023-05-18 16:46:26,650 WARN [WatchFileCenter] already closed

2023-05-18 16:46:26,649 WARN [NotifyCenter] Destruction of the end

2023-05-18 16:46:26,656 WARN [ConfigServer-HttpClientManager] Destruction of the end

2023-05-18 16:46:26,657 WARN [HttpClientBeanHolder] Destruction of the end

2023-05-18 16:46:26,722 INFO Shutting down ExecutorService 'taskScheduler'

2023-05-18 16:46:26,737 INFO Shutting down ExecutorService 'applicationTaskExecutor'

2023-05-18 16:46:44,321 WARN [ThreadPoolManager] Destruction of the end

