2023-05-18 15:33:55,568 INFO GlobalConfig{taskDispatchPeriod=2000, batchSyncKeyCount=1000, syncRetryDelay=5000, dataWarmup=false, expireInstance=true, loadDataRetryDelayMillis=30000}

2023-05-18 15:33:55,827 INFO open empty service auto clean job, initialDelay : 50000 ms, period : 30000 ms

2023-05-18 15:33:55,828 INFO listen for service meta change

2023-05-18 15:34:00,565 INFO [NACOS-DISTRO] healthy server list changed, old: [192.168.1.102:8858], new: [192.168.1.102:8858]

2023-05-18 15:34:05,507 INFO creating empty service public:DEFAULT_GROUP@@patient-service

2023-05-18 15:34:05,583 INFO [NEW-SERVICE] {"name":"DEFAULT_GROUP@@patient-service","protectThreshold":0.0,"groupName":"DEFAULT_GROUP","metadata":{},"finalizeCount":0,"owners":[],"resetWeight":false,"enabled":true,"selector":{"type":"none"},"namespaceId":"public","ipDeleteTimeout":30000,"lastModifiedMillis":1684395245508,"checksum":"3b314128bb5024e398ac3f92d5cdfa1c","clusterMap":{},"empty":true}

2023-05-18 15:34:05,586 WARN cluster: DEFAULT not found, ip: {"instanceId":"192.168.1.102#8510#DEFAULT#DEFAULT_GROUP@@patient-service","ip":"192.168.1.102","port":8510,"weight":1.0,"healthy":true,"enabled":true,"ephemeral":true,"clusterName":"DEFAULT","serviceName":"DEFAULT_GROUP@@patient-service","metadata":{"preserved.register.source":"SPRING_CLOUD"},"lastBeat":1684395245507,"marked":false,"app":"unknown","instanceHeartBeatTimeOut":15000,"instanceHeartBeatInterval":5000,"ipDeleteTimeout":30000}, will create new cluster with default configuration.

2023-05-18 15:34:05,588 INFO [NACOS-RAFT] datum is changed, key: com.alibaba.nacos.naming.iplist.ephemeral.public##DEFAULT_GROUP@@patient-service, value: {"instanceList":[{"instanceId":"192.168.1.102#8510#DEFAULT#DEFAULT_GROUP@@patient-service","ip":"192.168.1.102","port":8510,"weight":1.0,"healthy":true,"enabled":true,"ephemeral":true,"clusterName":"DEFAULT","serviceName":"DEFAULT_GROUP@@patient-service","metadata":{"preserved.register.source":"SPRING_CLOUD"},"lastBeat":1684395245507,"marked":false,"app":"unknown","instanceHeartBeatTimeOut":15000,"instanceHeartBeatInterval":5000,"ipDeleteTimeout":30000}]}

2023-05-18 15:34:08,982 INFO creating empty service public:DEFAULT_GROUP@@consumer-service

2023-05-18 15:34:08,983 INFO [NEW-SERVICE] {"name":"DEFAULT_GROUP@@consumer-service","protectThreshold":0.0,"groupName":"DEFAULT_GROUP","metadata":{},"finalizeCount":0,"owners":[],"resetWeight":false,"enabled":true,"selector":{"type":"none"},"namespaceId":"public","ipDeleteTimeout":30000,"lastModifiedMillis":1684395248982,"checksum":"5259961e0e2e63553af33e81dca0be0d","clusterMap":{},"empty":true}

2023-05-18 15:34:08,983 WARN cluster: DEFAULT not found, ip: {"instanceId":"192.168.1.102#8110#DEFAULT#DEFAULT_GROUP@@consumer-service","ip":"192.168.1.102","port":8110,"weight":1.0,"healthy":true,"enabled":true,"ephemeral":true,"clusterName":"DEFAULT","serviceName":"DEFAULT_GROUP@@consumer-service","metadata":{"preserved.register.source":"SPRING_CLOUD"},"lastBeat":1684395248981,"marked":false,"app":"unknown","instanceHeartBeatTimeOut":15000,"instanceHeartBeatInterval":5000,"ipDeleteTimeout":30000}, will create new cluster with default configuration.

2023-05-18 15:34:08,983 INFO [NACOS-RAFT] datum is changed, key: com.alibaba.nacos.naming.iplist.ephemeral.public##DEFAULT_GROUP@@consumer-service, value: {"instanceList":[{"instanceId":"192.168.1.102#8110#DEFAULT#DEFAULT_GROUP@@consumer-service","ip":"192.168.1.102","port":8110,"weight":1.0,"healthy":true,"enabled":true,"ephemeral":true,"clusterName":"DEFAULT","serviceName":"DEFAULT_GROUP@@consumer-service","metadata":{"preserved.register.source":"SPRING_CLOUD"},"lastBeat":1684395248981,"marked":false,"app":"unknown","instanceHeartBeatTimeOut":15000,"instanceHeartBeatInterval":5000,"ipDeleteTimeout":30000}]}

2023-05-18 15:34:15,155 INFO creating empty service public:DEFAULT_GROUP@@other-service

2023-05-18 15:34:15,156 INFO [NEW-SERVICE] {"name":"DEFAULT_GROUP@@other-service","protectThreshold":0.0,"groupName":"DEFAULT_GROUP","metadata":{},"finalizeCount":0,"owners":[],"resetWeight":false,"enabled":true,"selector":{"type":"none"},"namespaceId":"public","ipDeleteTimeout":30000,"lastModifiedMillis":1684395255155,"checksum":"eeefd873a54e4f9860e16a66bd4d4d48","clusterMap":{},"empty":true}

2023-05-18 15:34:15,156 WARN cluster: DEFAULT not found, ip: {"instanceId":"192.168.1.102#8410#DEFAULT#DEFAULT_GROUP@@other-service","ip":"192.168.1.102","port":8410,"weight":1.0,"healthy":true,"enabled":true,"ephemeral":true,"clusterName":"DEFAULT","serviceName":"DEFAULT_GROUP@@other-service","metadata":{"preserved.register.source":"SPRING_CLOUD"},"lastBeat":1684395255154,"marked":false,"app":"unknown","instanceHeartBeatTimeOut":15000,"instanceHeartBeatInterval":5000,"ipDeleteTimeout":30000}, will create new cluster with default configuration.

2023-05-18 15:34:15,156 INFO [NACOS-RAFT] datum is changed, key: com.alibaba.nacos.naming.iplist.ephemeral.public##DEFAULT_GROUP@@other-service, value: {"instanceList":[{"instanceId":"192.168.1.102#8410#DEFAULT#DEFAULT_GROUP@@other-service","ip":"192.168.1.102","port":8410,"weight":1.0,"healthy":true,"enabled":true,"ephemeral":true,"clusterName":"DEFAULT","serviceName":"DEFAULT_GROUP@@other-service","metadata":{"preserved.register.source":"SPRING_CLOUD"},"lastBeat":1684395255154,"marked":false,"app":"unknown","instanceHeartBeatTimeOut":15000,"instanceHeartBeatInterval":5000,"ipDeleteTimeout":30000}]}

2023-05-18 15:34:21,779 INFO creating empty service public:DEFAULT_GROUP@@doctor-service

2023-05-18 15:34:21,780 INFO [NEW-SERVICE] {"name":"DEFAULT_GROUP@@doctor-service","protectThreshold":0.0,"groupName":"DEFAULT_GROUP","metadata":{},"finalizeCount":0,"owners":[],"resetWeight":false,"enabled":true,"selector":{"type":"none"},"namespaceId":"public","ipDeleteTimeout":30000,"lastModifiedMillis":1684395261780,"checksum":"f1e9d879a2fb09156a433aaf1314e53e","clusterMap":{},"empty":true}

2023-05-18 15:34:21,781 WARN cluster: DEFAULT not found, ip: {"instanceId":"192.168.1.102#8310#DEFAULT#DEFAULT_GROUP@@doctor-service","ip":"192.168.1.102","port":8310,"weight":1.0,"healthy":true,"enabled":true,"ephemeral":true,"clusterName":"DEFAULT","serviceName":"DEFAULT_GROUP@@doctor-service","metadata":{"preserved.register.source":"SPRING_CLOUD"},"lastBeat":1684395261779,"marked":false,"app":"unknown","instanceHeartBeatTimeOut":15000,"instanceHeartBeatInterval":5000,"ipDeleteTimeout":30000}, will create new cluster with default configuration.

2023-05-18 15:34:21,781 INFO [NACOS-RAFT] datum is changed, key: com.alibaba.nacos.naming.iplist.ephemeral.public##DEFAULT_GROUP@@doctor-service, value: {"instanceList":[{"instanceId":"192.168.1.102#8310#DEFAULT#DEFAULT_GROUP@@doctor-service","ip":"192.168.1.102","port":8310,"weight":1.0,"healthy":true,"enabled":true,"ephemeral":true,"clusterName":"DEFAULT","serviceName":"DEFAULT_GROUP@@doctor-service","metadata":{"preserved.register.source":"SPRING_CLOUD"},"lastBeat":1684395261779,"marked":false,"app":"unknown","instanceHeartBeatTimeOut":15000,"instanceHeartBeatInterval":5000,"ipDeleteTimeout":30000}]}

2023-05-18 15:34:27,201 INFO creating empty service public:DEFAULT_GROUP@@drug-service

2023-05-18 15:34:27,202 INFO [NEW-SERVICE] {"name":"DEFAULT_GROUP@@drug-service","protectThreshold":0.0,"groupName":"DEFAULT_GROUP","metadata":{},"finalizeCount":0,"owners":[],"resetWeight":false,"enabled":true,"selector":{"type":"none"},"namespaceId":"public","ipDeleteTimeout":30000,"lastModifiedMillis":1684395267201,"checksum":"1beff6f6741ae5cb6080c5171c8db1b7","clusterMap":{},"empty":true}

2023-05-18 15:34:27,202 WARN cluster: DEFAULT not found, ip: {"instanceId":"192.168.1.102#8210#DEFAULT#DEFAULT_GROUP@@drug-service","ip":"192.168.1.102","port":8210,"weight":1.0,"healthy":true,"enabled":true,"ephemeral":true,"clusterName":"DEFAULT","serviceName":"DEFAULT_GROUP@@drug-service","metadata":{"preserved.register.source":"SPRING_CLOUD"},"lastBeat":1684395267200,"marked":false,"app":"unknown","instanceHeartBeatTimeOut":15000,"instanceHeartBeatInterval":5000,"ipDeleteTimeout":30000}, will create new cluster with default configuration.

2023-05-18 15:34:27,202 INFO [NACOS-RAFT] datum is changed, key: com.alibaba.nacos.naming.iplist.ephemeral.public##DEFAULT_GROUP@@drug-service, value: {"instanceList":[{"instanceId":"192.168.1.102#8210#DEFAULT#DEFAULT_GROUP@@drug-service","ip":"192.168.1.102","port":8210,"weight":1.0,"healthy":true,"enabled":true,"ephemeral":true,"clusterName":"DEFAULT","serviceName":"DEFAULT_GROUP@@drug-service","metadata":{"preserved.register.source":"SPRING_CLOUD"},"lastBeat":1684395267200,"marked":false,"app":"unknown","instanceHeartBeatTimeOut":15000,"instanceHeartBeatInterval":5000,"ipDeleteTimeout":30000}]}

2023-05-18 15:34:31,258 INFO creating empty service public:DEFAULT_GROUP@@gateway-service

2023-05-18 15:34:31,259 INFO [NEW-SERVICE] {"name":"DEFAULT_GROUP@@gateway-service","protectThreshold":0.0,"groupName":"DEFAULT_GROUP","metadata":{},"finalizeCount":0,"owners":[],"resetWeight":false,"enabled":true,"selector":{"type":"none"},"namespaceId":"public","ipDeleteTimeout":30000,"lastModifiedMillis":1684395271258,"checksum":"cc2709d72df67c19849a6e389f10785e","clusterMap":{},"empty":true}

2023-05-18 15:34:31,259 WARN cluster: DEFAULT not found, ip: {"instanceId":"192.168.1.102#8610#DEFAULT#DEFAULT_GROUP@@gateway-service","ip":"192.168.1.102","port":8610,"weight":1.0,"healthy":true,"enabled":true,"ephemeral":true,"clusterName":"DEFAULT","serviceName":"DEFAULT_GROUP@@gateway-service","metadata":{"preserved.register.source":"SPRING_CLOUD"},"lastBeat":1684395271258,"marked":false,"app":"unknown","instanceHeartBeatTimeOut":15000,"instanceHeartBeatInterval":5000,"ipDeleteTimeout":30000}, will create new cluster with default configuration.

2023-05-18 15:34:31,259 INFO [NACOS-RAFT] datum is changed, key: com.alibaba.nacos.naming.iplist.ephemeral.public##DEFAULT_GROUP@@gateway-service, value: {"instanceList":[{"instanceId":"192.168.1.102#8610#DEFAULT#DEFAULT_GROUP@@gateway-service","ip":"192.168.1.102","port":8610,"weight":1.0,"healthy":true,"enabled":true,"ephemeral":true,"clusterName":"DEFAULT","serviceName":"DEFAULT_GROUP@@gateway-service","metadata":{"preserved.register.source":"SPRING_CLOUD"},"lastBeat":1684395271258,"marked":false,"app":"unknown","instanceHeartBeatTimeOut":15000,"instanceHeartBeatInterval":5000,"ipDeleteTimeout":30000}]}

2023-05-18 15:34:37,986 INFO creating empty service public:DEFAULT_GROUP@@front-service

2023-05-18 15:34:37,987 INFO [NEW-SERVICE] {"name":"DEFAULT_GROUP@@front-service","protectThreshold":0.0,"groupName":"DEFAULT_GROUP","metadata":{},"finalizeCount":0,"owners":[],"resetWeight":false,"enabled":true,"selector":{"type":"none"},"namespaceId":"public","ipDeleteTimeout":30000,"lastModifiedMillis":1684395277986,"checksum":"7600dd61a3d72b2c2b9fdc1266f4796e","clusterMap":{},"empty":true}

2023-05-18 15:34:37,987 WARN cluster: DEFAULT not found, ip: {"instanceId":"192.168.1.102#8010#DEFAULT#DEFAULT_GROUP@@front-service","ip":"192.168.1.102","port":8010,"weight":1.0,"healthy":true,"enabled":true,"ephemeral":true,"clusterName":"DEFAULT","serviceName":"DEFAULT_GROUP@@front-service","metadata":{"preserved.register.source":"SPRING_CLOUD"},"lastBeat":1684395277986,"marked":false,"app":"unknown","instanceHeartBeatTimeOut":15000,"instanceHeartBeatInterval":5000,"ipDeleteTimeout":30000}, will create new cluster with default configuration.

2023-05-18 15:34:37,987 INFO [NACOS-RAFT] datum is changed, key: com.alibaba.nacos.naming.iplist.ephemeral.public##DEFAULT_GROUP@@front-service, value: {"instanceList":[{"instanceId":"192.168.1.102#8010#DEFAULT#DEFAULT_GROUP@@front-service","ip":"192.168.1.102","port":8010,"weight":1.0,"healthy":true,"enabled":true,"ephemeral":true,"clusterName":"DEFAULT","serviceName":"DEFAULT_GROUP@@front-service","metadata":{"preserved.register.source":"SPRING_CLOUD"},"lastBeat":1684395277986,"marked":false,"app":"unknown","instanceHeartBeatTimeOut":15000,"instanceHeartBeatInterval":5000,"ipDeleteTimeout":30000}]}

2023-05-18 15:34:46,288 INFO creating empty service public:DEFAULT_GROUP@@background-service

2023-05-18 15:34:46,295 INFO [NEW-SERVICE] {"name":"DEFAULT_GROUP@@background-service","protectThreshold":0.0,"groupName":"DEFAULT_GROUP","metadata":{},"finalizeCount":0,"owners":[],"resetWeight":false,"enabled":true,"selector":{"type":"none"},"namespaceId":"public","ipDeleteTimeout":30000,"lastModifiedMillis":1684395286289,"checksum":"a5bdf61e55ffbc757e54eb87ffce6a94","clusterMap":{},"empty":true}

2023-05-18 15:34:46,295 WARN cluster: DEFAULT not found, ip: {"instanceId":"192.168.1.102#8710#DEFAULT#DEFAULT_GROUP@@background-service","ip":"192.168.1.102","port":8710,"weight":1.0,"healthy":true,"enabled":true,"ephemeral":true,"clusterName":"DEFAULT","serviceName":"DEFAULT_GROUP@@background-service","metadata":{"preserved.register.source":"SPRING_CLOUD"},"lastBeat":1684395286287,"marked":false,"app":"unknown","instanceHeartBeatTimeOut":15000,"instanceHeartBeatInterval":5000,"ipDeleteTimeout":30000}, will create new cluster with default configuration.

2023-05-18 15:34:46,295 INFO [NACOS-RAFT] datum is changed, key: com.alibaba.nacos.naming.iplist.ephemeral.public##DEFAULT_GROUP@@background-service, value: {"instanceList":[{"instanceId":"192.168.1.102#8710#DEFAULT#DEFAULT_GROUP@@background-service","ip":"192.168.1.102","port":8710,"weight":1.0,"healthy":true,"enabled":true,"ephemeral":true,"clusterName":"DEFAULT","serviceName":"DEFAULT_GROUP@@background-service","metadata":{"preserved.register.source":"SPRING_CLOUD"},"lastBeat":1684395286287,"marked":false,"app":"unknown","instanceHeartBeatTimeOut":15000,"instanceHeartBeatInterval":5000,"ipDeleteTimeout":30000}]}

2023-05-18 15:40:28,021 INFO [NACOS-RAFT] datum is changed, key: com.alibaba.nacos.naming.iplist.ephemeral.public##DEFAULT_GROUP@@doctor-service, value: {"instanceList":[]}

2023-05-18 15:40:32,237 INFO [NACOS-RAFT] datum is changed, key: com.alibaba.nacos.naming.iplist.ephemeral.public##DEFAULT_GROUP@@front-service, value: {"instanceList":[]}

2023-05-18 15:40:42,601 INFO [NACOS-RAFT] datum is changed, key: com.alibaba.nacos.naming.iplist.ephemeral.public##DEFAULT_GROUP@@doctor-service, value: {"instanceList":[{"instanceId":"192.168.1.102#8310#DEFAULT#DEFAULT_GROUP@@doctor-service","ip":"192.168.1.102","port":8310,"weight":1.0,"healthy":true,"enabled":true,"ephemeral":true,"clusterName":"DEFAULT","serviceName":"DEFAULT_GROUP@@doctor-service","metadata":{"preserved.register.source":"SPRING_CLOUD"},"lastBeat":1684395642599,"marked":false,"app":"unknown","instanceHeartBeatTimeOut":15000,"instanceHeartBeatInterval":5000,"ipDeleteTimeout":30000}]}

2023-05-18 15:40:44,473 INFO [NACOS-RAFT] datum is changed, key: com.alibaba.nacos.naming.iplist.ephemeral.public##DEFAULT_GROUP@@front-service, value: {"instanceList":[{"instanceId":"192.168.1.102#8010#DEFAULT#DEFAULT_GROUP@@front-service","ip":"192.168.1.102","port":8010,"weight":1.0,"healthy":true,"enabled":true,"ephemeral":true,"clusterName":"DEFAULT","serviceName":"DEFAULT_GROUP@@front-service","metadata":{"preserved.register.source":"SPRING_CLOUD"},"lastBeat":1684395644466,"marked":false,"app":"unknown","instanceHeartBeatTimeOut":15000,"instanceHeartBeatInterval":5000,"ipDeleteTimeout":30000}]}

2023-05-18 16:17:11,398 INFO [NACOS-RAFT] datum is changed, key: com.alibaba.nacos.naming.iplist.ephemeral.public##DEFAULT_GROUP@@front-service, value: {"instanceList":[]}

2023-05-18 16:17:25,703 INFO [NACOS-RAFT] datum is changed, key: com.alibaba.nacos.naming.iplist.ephemeral.public##DEFAULT_GROUP@@front-service, value: {"instanceList":[{"instanceId":"192.168.1.102#8010#DEFAULT#DEFAULT_GROUP@@front-service","ip":"192.168.1.102","port":8010,"weight":1.0,"healthy":true,"enabled":true,"ephemeral":true,"clusterName":"DEFAULT","serviceName":"DEFAULT_GROUP@@front-service","metadata":{"preserved.register.source":"SPRING_CLOUD"},"lastBeat":1684397845696,"marked":false,"app":"unknown","instanceHeartBeatTimeOut":15000,"instanceHeartBeatInterval":5000,"ipDeleteTimeout":30000}]}

2023-05-18 16:25:46,275 INFO [NACOS-RAFT] datum is changed, key: com.alibaba.nacos.naming.iplist.ephemeral.public##DEFAULT_GROUP@@front-service, value: {"instanceList":[]}

2023-05-18 16:25:54,607 INFO [NACOS-RAFT] datum is changed, key: com.alibaba.nacos.naming.iplist.ephemeral.public##DEFAULT_GROUP@@front-service, value: {"instanceList":[{"instanceId":"192.168.1.102#8010#DEFAULT#DEFAULT_GROUP@@front-service","ip":"192.168.1.102","port":8010,"weight":1.0,"healthy":true,"enabled":true,"ephemeral":true,"clusterName":"DEFAULT","serviceName":"DEFAULT_GROUP@@front-service","metadata":{"preserved.register.source":"SPRING_CLOUD"},"lastBeat":1684398354605,"marked":false,"app":"unknown","instanceHeartBeatTimeOut":15000,"instanceHeartBeatInterval":5000,"ipDeleteTimeout":30000}]}

2023-05-18 16:27:22,474 INFO [NACOS-RAFT] datum is changed, key: com.alibaba.nacos.naming.iplist.ephemeral.public##DEFAULT_GROUP@@front-service, value: {"instanceList":[]}

2023-05-18 16:27:33,149 INFO [NACOS-RAFT] datum is changed, key: com.alibaba.nacos.naming.iplist.ephemeral.public##DEFAULT_GROUP@@front-service, value: {"instanceList":[{"instanceId":"192.168.1.102#8010#DEFAULT#DEFAULT_GROUP@@front-service","ip":"192.168.1.102","port":8010,"weight":1.0,"healthy":true,"enabled":true,"ephemeral":true,"clusterName":"DEFAULT","serviceName":"DEFAULT_GROUP@@front-service","metadata":{"preserved.register.source":"SPRING_CLOUD"},"lastBeat":1684398453146,"marked":false,"app":"unknown","instanceHeartBeatTimeOut":15000,"instanceHeartBeatInterval":5000,"ipDeleteTimeout":30000}]}

2023-05-18 16:46:13,580 INFO [NACOS-RAFT] datum is changed, key: com.alibaba.nacos.naming.iplist.ephemeral.public##DEFAULT_GROUP@@gateway-service, value: {"instanceList":[]}

2023-05-18 16:46:14,501 INFO [NACOS-RAFT] datum is changed, key: com.alibaba.nacos.naming.iplist.ephemeral.public##DEFAULT_GROUP@@patient-service, value: {"instanceList":[]}

2023-05-18 16:46:14,568 INFO [NACOS-RAFT] datum is changed, key: com.alibaba.nacos.naming.iplist.ephemeral.public##DEFAULT_GROUP@@consumer-service, value: {"instanceList":[]}

2023-05-18 16:46:14,620 INFO [NACOS-RAFT] datum is changed, key: com.alibaba.nacos.naming.iplist.ephemeral.public##DEFAULT_GROUP@@other-service, value: {"instanceList":[]}

2023-05-18 16:46:14,733 INFO [NACOS-RAFT] datum is changed, key: com.alibaba.nacos.naming.iplist.ephemeral.public##DEFAULT_GROUP@@front-service, value: {"instanceList":[]}

2023-05-18 16:46:14,746 INFO [NACOS-RAFT] datum is changed, key: com.alibaba.nacos.naming.iplist.ephemeral.public##DEFAULT_GROUP@@doctor-service, value: {"instanceList":[]}

2023-05-18 16:46:14,777 INFO [NACOS-RAFT] datum is changed, key: com.alibaba.nacos.naming.iplist.ephemeral.public##DEFAULT_GROUP@@background-service, value: {"instanceList":[]}

2023-05-18 16:46:14,800 INFO [NACOS-RAFT] datum is changed, key: com.alibaba.nacos.naming.iplist.ephemeral.public##DEFAULT_GROUP@@drug-service, value: {"instanceList":[]}

2023-05-18 16:46:26,647 WARN [NamingServerHttpClientManager] Start destroying HTTP-Client

2023-05-18 16:46:26,657 WARN [NamingServerHttpClientManager] Destruction of the end

2023-05-18 16:46:27,318 WARN Exception while processing client beat time out.

org.springframework.beans.factory.BeanCreationException: Error creating bean with name 'serverMemberManager' defined in URL [jar:file:/Applications/work/bishe/CooperativeMedical/cmms/nacos/target/nacos-server.jar!/BOOT-INF/lib/nacos-core-1.4.3.jar!/com/alibaba/nacos/core/cluster/ServerMemberManager.class]: Unexpected exception during bean creation; nested exception is org.springframework.beans.factory.NoSuchBeanDefinitionException: No qualifying bean of type 'javax.servlet.ServletContext' available: expected at least 1 bean which qualifies as autowire candidate. Dependency annotations: {}
	at org.springframework.beans.factory.support.AbstractAutowireCapableBeanFactory.createBean(AbstractAutowireCapableBeanFactory.java:527)
	at org.springframework.beans.factory.support.AbstractBeanFactory.lambda$doGetBean$0(AbstractBeanFactory.java:321)
	at org.springframework.beans.factory.support.DefaultSingletonBeanRegistry.getSingleton(DefaultSingletonBeanRegistry.java:234)
	at org.springframework.beans.factory.support.AbstractBeanFactory.doGetBean(AbstractBeanFactory.java:319)
	at org.springframework.beans.factory.support.AbstractBeanFactory.getBean(AbstractBeanFactory.java:199)
	at org.springframework.beans.factory.config.DependencyDescriptor.resolveCandidate(DependencyDescriptor.java:277)
	at org.springframework.beans.factory.support.DefaultListableBeanFactory.doResolveDependency(DefaultListableBeanFactory.java:1276)
	at org.springframework.beans.factory.support.DefaultListableBeanFactory.resolveDependency(DefaultListableBeanFactory.java:1196)
	at org.springframework.beans.factory.support.ConstructorResolver.resolveAutowiredArgument(ConstructorResolver.java:857)
	at org.springframework.beans.factory.support.ConstructorResolver.resolvePreparedArguments(ConstructorResolver.java:804)
	at org.springframework.beans.factory.support.ConstructorResolver.autowireConstructor(ConstructorResolver.java:143)
	at org.springframework.beans.factory.support.AbstractAutowireCapableBeanFactory.autowireConstructor(AbstractAutowireCapableBeanFactory.java:1338)
	at org.springframework.beans.factory.support.AbstractAutowireCapableBeanFactory.createBeanInstance(AbstractAutowireCapableBeanFactory.java:1174)
	at org.springframework.beans.factory.support.AbstractAutowireCapableBeanFactory.doCreateBean(AbstractAutowireCapableBeanFactory.java:554)
	at org.springframework.beans.factory.support.AbstractAutowireCapableBeanFactory.createBean(AbstractAutowireCapableBeanFactory.java:514)
	at org.springframework.beans.factory.support.AbstractBeanFactory.lambda$doGetBean$0(AbstractBeanFactory.java:321)
	at org.springframework.beans.factory.support.DefaultSingletonBeanRegistry.getSingleton(DefaultSingletonBeanRegistry.java:234)
	at org.springframework.beans.factory.support.AbstractBeanFactory.doGetBean(AbstractBeanFactory.java:319)
	at org.springframework.beans.factory.support.AbstractBeanFactory.getBean(AbstractBeanFactory.java:224)
	at org.springframework.beans.factory.support.DefaultListableBeanFactory.resolveNamedBean(DefaultListableBeanFactory.java:1144)
	at org.springframework.beans.factory.support.DefaultListableBeanFactory.resolveBean(DefaultListableBeanFactory.java:419)
	at org.springframework.beans.factory.support.DefaultListableBeanFactory.getBean(DefaultListableBeanFactory.java:348)
	at org.springframework.beans.factory.support.DefaultListableBeanFactory.getBean(DefaultListableBeanFactory.java:341)
	at org.springframework.context.support.AbstractApplicationContext.getBean(AbstractApplicationContext.java:1124)
	at com.alibaba.nacos.sys.utils.ApplicationUtils.getBean(ApplicationUtils.java:140)
	at com.alibaba.nacos.naming.healthcheck.ClientBeatCheckTask.getDistroMapper(ClientBeatCheckTask.java:61)
	at com.alibaba.nacos.naming.healthcheck.ClientBeatCheckTask.run(ClientBeatCheckTask.java:79)
	at java.base/java.util.concurrent.Executors$RunnableAdapter.call(Executors.java:539)
	at java.base/java.util.concurrent.FutureTask.runAndReset(FutureTask.java:305)
	at java.base/java.util.concurrent.ScheduledThreadPoolExecutor$ScheduledFutureTask.run(ScheduledThreadPoolExecutor.java:305)
	at java.base/java.util.concurrent.ThreadPoolExecutor.runWorker(ThreadPoolExecutor.java:1136)
	at java.base/java.util.concurrent.ThreadPoolExecutor$Worker.run(ThreadPoolExecutor.java:635)
	at java.base/java.lang.Thread.run(Thread.java:833)
Caused by: org.springframework.beans.factory.NoSuchBeanDefinitionException: No qualifying bean of type 'javax.servlet.ServletContext' available: expected at least 1 bean which qualifies as autowire candidate. Dependency annotations: {}
	at org.springframework.beans.factory.support.DefaultListableBeanFactory.raiseNoMatchingBeanFound(DefaultListableBeanFactory.java:1685)
	at org.springframework.beans.factory.support.DefaultListableBeanFactory.doResolveDependency(DefaultListableBeanFactory.java:1242)
	at org.springframework.beans.factory.support.DefaultListableBeanFactory.resolveDependency(DefaultListableBeanFactory.java:1196)
	at org.springframework.beans.factory.support.ConstructorResolver.resolveAutowiredArgument(ConstructorResolver.java:857)
	at org.springframework.beans.factory.support.ConstructorResolver.resolvePreparedArguments(ConstructorResolver.java:804)
	at org.springframework.beans.factory.support.ConstructorResolver.autowireConstructor(ConstructorResolver.java:143)
	at org.springframework.beans.factory.support.AbstractAutowireCapableBeanFactory.autowireConstructor(AbstractAutowireCapableBeanFactory.java:1338)
	at org.springframework.beans.factory.support.AbstractAutowireCapableBeanFactory.createBeanInstance(AbstractAutowireCapableBeanFactory.java:1174)
	at org.springframework.beans.factory.support.AbstractAutowireCapableBeanFactory.doCreateBean(AbstractAutowireCapableBeanFactory.java:554)
	at org.springframework.beans.factory.support.AbstractAutowireCapableBeanFactory.createBean(AbstractAutowireCapableBeanFactory.java:514)
	... 32 common frames omitted
2023-05-18 16:46:28,304 WARN Exception while processing client beat time out.

java.lang.IllegalStateException: org.springframework.boot.web.servlet.context.AnnotationConfigServletWebServerApplicationContext@5a4aa2f2 has been closed already
	at org.springframework.context.support.AbstractApplicationContext.assertBeanFactoryActive(AbstractApplicationContext.java:1090)
	at org.springframework.context.support.AbstractApplicationContext.getBean(AbstractApplicationContext.java:1123)
	at com.alibaba.nacos.sys.utils.ApplicationUtils.getBean(ApplicationUtils.java:140)
	at com.alibaba.nacos.naming.healthcheck.ClientBeatCheckTask.getDistroMapper(ClientBeatCheckTask.java:61)
	at com.alibaba.nacos.naming.healthcheck.ClientBeatCheckTask.run(ClientBeatCheckTask.java:79)
	at java.base/java.util.concurrent.Executors$RunnableAdapter.call(Executors.java:539)
	at java.base/java.util.concurrent.FutureTask.runAndReset(FutureTask.java:305)
	at java.base/java.util.concurrent.ScheduledThreadPoolExecutor$ScheduledFutureTask.run(ScheduledThreadPoolExecutor.java:305)
	at java.base/java.util.concurrent.ThreadPoolExecutor.runWorker(ThreadPoolExecutor.java:1136)
	at java.base/java.util.concurrent.ThreadPoolExecutor$Worker.run(ThreadPoolExecutor.java:635)
	at java.base/java.lang.Thread.run(Thread.java:833)
2023-05-18 16:46:28,747 WARN Exception while processing client beat time out.

java.lang.IllegalStateException: org.springframework.boot.web.servlet.context.AnnotationConfigServletWebServerApplicationContext@5a4aa2f2 has been closed already
	at org.springframework.context.support.AbstractApplicationContext.assertBeanFactoryActive(AbstractApplicationContext.java:1090)
	at org.springframework.context.support.AbstractApplicationContext.getBean(AbstractApplicationContext.java:1123)
	at com.alibaba.nacos.sys.utils.ApplicationUtils.getBean(ApplicationUtils.java:140)
	at com.alibaba.nacos.naming.healthcheck.ClientBeatCheckTask.getDistroMapper(ClientBeatCheckTask.java:61)
	at com.alibaba.nacos.naming.healthcheck.ClientBeatCheckTask.run(ClientBeatCheckTask.java:79)
	at java.base/java.util.concurrent.Executors$RunnableAdapter.call(Executors.java:539)
	at java.base/java.util.concurrent.FutureTask.runAndReset(FutureTask.java:305)
	at java.base/java.util.concurrent.ScheduledThreadPoolExecutor$ScheduledFutureTask.run(ScheduledThreadPoolExecutor.java:305)
	at java.base/java.util.concurrent.ThreadPoolExecutor.runWorker(ThreadPoolExecutor.java:1136)
	at java.base/java.util.concurrent.ThreadPoolExecutor$Worker.run(ThreadPoolExecutor.java:635)
	at java.base/java.lang.Thread.run(Thread.java:833)
2023-05-18 16:46:29,388 WARN Exception while processing client beat time out.

java.lang.IllegalStateException: org.springframework.boot.web.servlet.context.AnnotationConfigServletWebServerApplicationContext@5a4aa2f2 has been closed already
	at org.springframework.context.support.AbstractApplicationContext.assertBeanFactoryActive(AbstractApplicationContext.java:1090)
	at org.springframework.context.support.AbstractApplicationContext.getBean(AbstractApplicationContext.java:1123)
	at com.alibaba.nacos.sys.utils.ApplicationUtils.getBean(ApplicationUtils.java:140)
	at com.alibaba.nacos.naming.healthcheck.ClientBeatCheckTask.getDistroMapper(ClientBeatCheckTask.java:61)
	at com.alibaba.nacos.naming.healthcheck.ClientBeatCheckTask.run(ClientBeatCheckTask.java:79)
	at java.base/java.util.concurrent.Executors$RunnableAdapter.call(Executors.java:539)
	at java.base/java.util.concurrent.FutureTask.runAndReset(FutureTask.java:305)
	at java.base/java.util.concurrent.ScheduledThreadPoolExecutor$ScheduledFutureTask.run(ScheduledThreadPoolExecutor.java:305)
	at java.base/java.util.concurrent.ThreadPoolExecutor.runWorker(ThreadPoolExecutor.java:1136)
	at java.base/java.util.concurrent.ThreadPoolExecutor$Worker.run(ThreadPoolExecutor.java:635)
	at java.base/java.lang.Thread.run(Thread.java:833)
2023-05-18 16:46:29,388 WARN Exception while processing client beat time out.

java.lang.IllegalStateException: org.springframework.boot.web.servlet.context.AnnotationConfigServletWebServerApplicationContext@5a4aa2f2 has been closed already
	at org.springframework.context.support.AbstractApplicationContext.assertBeanFactoryActive(AbstractApplicationContext.java:1090)
	at org.springframework.context.support.AbstractApplicationContext.getBean(AbstractApplicationContext.java:1123)
	at com.alibaba.nacos.sys.utils.ApplicationUtils.getBean(ApplicationUtils.java:140)
	at com.alibaba.nacos.naming.healthcheck.ClientBeatCheckTask.getDistroMapper(ClientBeatCheckTask.java:61)
	at com.alibaba.nacos.naming.healthcheck.ClientBeatCheckTask.run(ClientBeatCheckTask.java:79)
	at java.base/java.util.concurrent.Executors$RunnableAdapter.call(Executors.java:539)
	at java.base/java.util.concurrent.FutureTask.runAndReset(FutureTask.java:305)
	at java.base/java.util.concurrent.ScheduledThreadPoolExecutor$ScheduledFutureTask.run(ScheduledThreadPoolExecutor.java:305)
	at java.base/java.util.concurrent.ThreadPoolExecutor.runWorker(ThreadPoolExecutor.java:1136)
	at java.base/java.util.concurrent.ThreadPoolExecutor$Worker.run(ThreadPoolExecutor.java:635)
	at java.base/java.lang.Thread.run(Thread.java:833)
2023-05-18 16:46:29,884 WARN Exception while processing client beat time out.

java.lang.IllegalStateException: org.springframework.boot.web.servlet.context.AnnotationConfigServletWebServerApplicationContext@5a4aa2f2 has been closed already
	at org.springframework.context.support.AbstractApplicationContext.assertBeanFactoryActive(AbstractApplicationContext.java:1090)
	at org.springframework.context.support.AbstractApplicationContext.getBean(AbstractApplicationContext.java:1123)
	at com.alibaba.nacos.sys.utils.ApplicationUtils.getBean(ApplicationUtils.java:140)
	at com.alibaba.nacos.naming.healthcheck.ClientBeatCheckTask.getDistroMapper(ClientBeatCheckTask.java:61)
	at com.alibaba.nacos.naming.healthcheck.ClientBeatCheckTask.run(ClientBeatCheckTask.java:79)
	at java.base/java.util.concurrent.Executors$RunnableAdapter.call(Executors.java:539)
	at java.base/java.util.concurrent.FutureTask.runAndReset(FutureTask.java:305)
	at java.base/java.util.concurrent.ScheduledThreadPoolExecutor$ScheduledFutureTask.run(ScheduledThreadPoolExecutor.java:305)
	at java.base/java.util.concurrent.ThreadPoolExecutor.runWorker(ThreadPoolExecutor.java:1136)
	at java.base/java.util.concurrent.ThreadPoolExecutor$Worker.run(ThreadPoolExecutor.java:635)
	at java.base/java.lang.Thread.run(Thread.java:833)
2023-05-18 16:46:30,350 WARN Exception while processing client beat time out.

java.lang.IllegalStateException: org.springframework.boot.web.servlet.context.AnnotationConfigServletWebServerApplicationContext@5a4aa2f2 has been closed already
	at org.springframework.context.support.AbstractApplicationContext.assertBeanFactoryActive(AbstractApplicationContext.java:1090)
	at org.springframework.context.support.AbstractApplicationContext.getBean(AbstractApplicationContext.java:1123)
	at com.alibaba.nacos.sys.utils.ApplicationUtils.getBean(ApplicationUtils.java:140)
	at com.alibaba.nacos.naming.healthcheck.ClientBeatCheckTask.getDistroMapper(ClientBeatCheckTask.java:61)
	at com.alibaba.nacos.naming.healthcheck.ClientBeatCheckTask.run(ClientBeatCheckTask.java:79)
	at java.base/java.util.concurrent.Executors$RunnableAdapter.call(Executors.java:539)
	at java.base/java.util.concurrent.FutureTask.runAndReset(FutureTask.java:305)
	at java.base/java.util.concurrent.ScheduledThreadPoolExecutor$ScheduledFutureTask.run(ScheduledThreadPoolExecutor.java:305)
	at java.base/java.util.concurrent.ThreadPoolExecutor.runWorker(ThreadPoolExecutor.java:1136)
	at java.base/java.util.concurrent.ThreadPoolExecutor$Worker.run(ThreadPoolExecutor.java:635)
	at java.base/java.lang.Thread.run(Thread.java:833)
2023-05-18 16:46:31,063 WARN Exception while processing client beat time out.

java.lang.IllegalStateException: org.springframework.boot.web.servlet.context.AnnotationConfigServletWebServerApplicationContext@5a4aa2f2 has been closed already
	at org.springframework.context.support.AbstractApplicationContext.assertBeanFactoryActive(AbstractApplicationContext.java:1090)
	at org.springframework.context.support.AbstractApplicationContext.getBean(AbstractApplicationContext.java:1123)
	at com.alibaba.nacos.sys.utils.ApplicationUtils.getBean(ApplicationUtils.java:140)
	at com.alibaba.nacos.naming.healthcheck.ClientBeatCheckTask.getDistroMapper(ClientBeatCheckTask.java:61)
	at com.alibaba.nacos.naming.healthcheck.ClientBeatCheckTask.run(ClientBeatCheckTask.java:79)
	at java.base/java.util.concurrent.Executors$RunnableAdapter.call(Executors.java:539)
	at java.base/java.util.concurrent.FutureTask.runAndReset(FutureTask.java:305)
	at java.base/java.util.concurrent.ScheduledThreadPoolExecutor$ScheduledFutureTask.run(ScheduledThreadPoolExecutor.java:305)
	at java.base/java.util.concurrent.ThreadPoolExecutor.runWorker(ThreadPoolExecutor.java:1136)
	at java.base/java.util.concurrent.ThreadPoolExecutor$Worker.run(ThreadPoolExecutor.java:635)
	at java.base/java.lang.Thread.run(Thread.java:833)
2023-05-18 16:46:32,319 WARN Exception while processing client beat time out.

java.lang.IllegalStateException: org.springframework.boot.web.servlet.context.AnnotationConfigServletWebServerApplicationContext@5a4aa2f2 has been closed already
	at org.springframework.context.support.AbstractApplicationContext.assertBeanFactoryActive(AbstractApplicationContext.java:1090)
	at org.springframework.context.support.AbstractApplicationContext.getBean(AbstractApplicationContext.java:1123)
	at com.alibaba.nacos.sys.utils.ApplicationUtils.getBean(ApplicationUtils.java:140)
	at com.alibaba.nacos.naming.healthcheck.ClientBeatCheckTask.getDistroMapper(ClientBeatCheckTask.java:61)
	at com.alibaba.nacos.naming.healthcheck.ClientBeatCheckTask.run(ClientBeatCheckTask.java:79)
	at java.base/java.util.concurrent.Executors$RunnableAdapter.call(Executors.java:539)
	at java.base/java.util.concurrent.FutureTask.runAndReset(FutureTask.java:305)
	at java.base/java.util.concurrent.ScheduledThreadPoolExecutor$ScheduledFutureTask.run(ScheduledThreadPoolExecutor.java:305)
	at java.base/java.util.concurrent.ThreadPoolExecutor.runWorker(ThreadPoolExecutor.java:1136)
	at java.base/java.util.concurrent.ThreadPoolExecutor$Worker.run(ThreadPoolExecutor.java:635)
	at java.base/java.lang.Thread.run(Thread.java:833)
2023-05-18 16:46:33,310 WARN Exception while processing client beat time out.

java.lang.IllegalStateException: org.springframework.boot.web.servlet.context.AnnotationConfigServletWebServerApplicationContext@5a4aa2f2 has been closed already
	at org.springframework.context.support.AbstractApplicationContext.assertBeanFactoryActive(AbstractApplicationContext.java:1090)
	at org.springframework.context.support.AbstractApplicationContext.getBean(AbstractApplicationContext.java:1123)
	at com.alibaba.nacos.sys.utils.ApplicationUtils.getBean(ApplicationUtils.java:140)
	at com.alibaba.nacos.naming.healthcheck.ClientBeatCheckTask.getDistroMapper(ClientBeatCheckTask.java:61)
	at com.alibaba.nacos.naming.healthcheck.ClientBeatCheckTask.run(ClientBeatCheckTask.java:79)
	at java.base/java.util.concurrent.Executors$RunnableAdapter.call(Executors.java:539)
	at java.base/java.util.concurrent.FutureTask.runAndReset(FutureTask.java:305)
	at java.base/java.util.concurrent.ScheduledThreadPoolExecutor$ScheduledFutureTask.run(ScheduledThreadPoolExecutor.java:305)
	at java.base/java.util.concurrent.ThreadPoolExecutor.runWorker(ThreadPoolExecutor.java:1136)
	at java.base/java.util.concurrent.ThreadPoolExecutor$Worker.run(ThreadPoolExecutor.java:635)
	at java.base/java.lang.Thread.run(Thread.java:833)
2023-05-18 16:46:33,751 WARN Exception while processing client beat time out.

java.lang.IllegalStateException: org.springframework.boot.web.servlet.context.AnnotationConfigServletWebServerApplicationContext@5a4aa2f2 has been closed already
	at org.springframework.context.support.AbstractApplicationContext.assertBeanFactoryActive(AbstractApplicationContext.java:1090)
	at org.springframework.context.support.AbstractApplicationContext.getBean(AbstractApplicationContext.java:1123)
	at com.alibaba.nacos.sys.utils.ApplicationUtils.getBean(ApplicationUtils.java:140)
	at com.alibaba.nacos.naming.healthcheck.ClientBeatCheckTask.getDistroMapper(ClientBeatCheckTask.java:61)
	at com.alibaba.nacos.naming.healthcheck.ClientBeatCheckTask.run(ClientBeatCheckTask.java:79)
	at java.base/java.util.concurrent.Executors$RunnableAdapter.call(Executors.java:539)
	at java.base/java.util.concurrent.FutureTask.runAndReset(FutureTask.java:305)
	at java.base/java.util.concurrent.ScheduledThreadPoolExecutor$ScheduledFutureTask.run(ScheduledThreadPoolExecutor.java:305)
	at java.base/java.util.concurrent.ThreadPoolExecutor.runWorker(ThreadPoolExecutor.java:1136)
	at java.base/java.util.concurrent.ThreadPoolExecutor$Worker.run(ThreadPoolExecutor.java:635)
	at java.base/java.lang.Thread.run(Thread.java:833)
2023-05-18 16:46:34,393 WARN Exception while processing client beat time out.

java.lang.IllegalStateException: org.springframework.boot.web.servlet.context.AnnotationConfigServletWebServerApplicationContext@5a4aa2f2 has been closed already
	at org.springframework.context.support.AbstractApplicationContext.assertBeanFactoryActive(AbstractApplicationContext.java:1090)
	at org.springframework.context.support.AbstractApplicationContext.getBean(AbstractApplicationContext.java:1123)
	at com.alibaba.nacos.sys.utils.ApplicationUtils.getBean(ApplicationUtils.java:140)
	at com.alibaba.nacos.naming.healthcheck.ClientBeatCheckTask.getDistroMapper(ClientBeatCheckTask.java:61)
	at com.alibaba.nacos.naming.healthcheck.ClientBeatCheckTask.run(ClientBeatCheckTask.java:79)
	at java.base/java.util.concurrent.Executors$RunnableAdapter.call(Executors.java:539)
	at java.base/java.util.concurrent.FutureTask.runAndReset(FutureTask.java:305)
	at java.base/java.util.concurrent.ScheduledThreadPoolExecutor$ScheduledFutureTask.run(ScheduledThreadPoolExecutor.java:305)
	at java.base/java.util.concurrent.ThreadPoolExecutor.runWorker(ThreadPoolExecutor.java:1136)
	at java.base/java.util.concurrent.ThreadPoolExecutor$Worker.run(ThreadPoolExecutor.java:635)
	at java.base/java.lang.Thread.run(Thread.java:833)
2023-05-18 16:46:34,393 WARN Exception while processing client beat time out.

java.lang.IllegalStateException: org.springframework.boot.web.servlet.context.AnnotationConfigServletWebServerApplicationContext@5a4aa2f2 has been closed already
	at org.springframework.context.support.AbstractApplicationContext.assertBeanFactoryActive(AbstractApplicationContext.java:1090)
	at org.springframework.context.support.AbstractApplicationContext.getBean(AbstractApplicationContext.java:1123)
	at com.alibaba.nacos.sys.utils.ApplicationUtils.getBean(ApplicationUtils.java:140)
	at com.alibaba.nacos.naming.healthcheck.ClientBeatCheckTask.getDistroMapper(ClientBeatCheckTask.java:61)
	at com.alibaba.nacos.naming.healthcheck.ClientBeatCheckTask.run(ClientBeatCheckTask.java:79)
	at java.base/java.util.concurrent.Executors$RunnableAdapter.call(Executors.java:539)
	at java.base/java.util.concurrent.FutureTask.runAndReset(FutureTask.java:305)
	at java.base/java.util.concurrent.ScheduledThreadPoolExecutor$ScheduledFutureTask.run(ScheduledThreadPoolExecutor.java:305)
	at java.base/java.util.concurrent.ThreadPoolExecutor.runWorker(ThreadPoolExecutor.java:1136)
	at java.base/java.util.concurrent.ThreadPoolExecutor$Worker.run(ThreadPoolExecutor.java:635)
	at java.base/java.lang.Thread.run(Thread.java:833)
2023-05-18 16:46:34,889 WARN Exception while processing client beat time out.

java.lang.IllegalStateException: org.springframework.boot.web.servlet.context.AnnotationConfigServletWebServerApplicationContext@5a4aa2f2 has been closed already
	at org.springframework.context.support.AbstractApplicationContext.assertBeanFactoryActive(AbstractApplicationContext.java:1090)
	at org.springframework.context.support.AbstractApplicationContext.getBean(AbstractApplicationContext.java:1123)
	at com.alibaba.nacos.sys.utils.ApplicationUtils.getBean(ApplicationUtils.java:140)
	at com.alibaba.nacos.naming.healthcheck.ClientBeatCheckTask.getDistroMapper(ClientBeatCheckTask.java:61)
	at com.alibaba.nacos.naming.healthcheck.ClientBeatCheckTask.run(ClientBeatCheckTask.java:79)
	at java.base/java.util.concurrent.Executors$RunnableAdapter.call(Executors.java:539)
	at java.base/java.util.concurrent.FutureTask.runAndReset(FutureTask.java:305)
	at java.base/java.util.concurrent.ScheduledThreadPoolExecutor$ScheduledFutureTask.run(ScheduledThreadPoolExecutor.java:305)
	at java.base/java.util.concurrent.ThreadPoolExecutor.runWorker(ThreadPoolExecutor.java:1136)
	at java.base/java.util.concurrent.ThreadPoolExecutor$Worker.run(ThreadPoolExecutor.java:635)
	at java.base/java.lang.Thread.run(Thread.java:833)
2023-05-18 16:46:35,351 WARN Exception while processing client beat time out.

java.lang.IllegalStateException: org.springframework.boot.web.servlet.context.AnnotationConfigServletWebServerApplicationContext@5a4aa2f2 has been closed already
	at org.springframework.context.support.AbstractApplicationContext.assertBeanFactoryActive(AbstractApplicationContext.java:1090)
	at org.springframework.context.support.AbstractApplicationContext.getBean(AbstractApplicationContext.java:1123)
	at com.alibaba.nacos.sys.utils.ApplicationUtils.getBean(ApplicationUtils.java:140)
	at com.alibaba.nacos.naming.healthcheck.ClientBeatCheckTask.getDistroMapper(ClientBeatCheckTask.java:61)
	at com.alibaba.nacos.naming.healthcheck.ClientBeatCheckTask.run(ClientBeatCheckTask.java:79)
	at java.base/java.util.concurrent.Executors$RunnableAdapter.call(Executors.java:539)
	at java.base/java.util.concurrent.FutureTask.runAndReset(FutureTask.java:305)
	at java.base/java.util.concurrent.ScheduledThreadPoolExecutor$ScheduledFutureTask.run(ScheduledThreadPoolExecutor.java:305)
	at java.base/java.util.concurrent.ThreadPoolExecutor.runWorker(ThreadPoolExecutor.java:1136)
	at java.base/java.util.concurrent.ThreadPoolExecutor$Worker.run(ThreadPoolExecutor.java:635)
	at java.base/java.lang.Thread.run(Thread.java:833)
2023-05-18 16:46:35,712 ERROR [HEALTH-CHECK] error while processing NIO task

java.lang.InterruptedException: null
	at java.base/java.util.concurrent.locks.AbstractQueuedSynchronizer$ConditionObject.awaitNanos(AbstractQueuedSynchronizer.java:1679)
	at java.base/java.util.concurrent.LinkedBlockingQueue.poll(LinkedBlockingQueue.java:460)
	at com.alibaba.nacos.naming.healthcheck.TcpSuperSenseProcessor.processTask(TcpSuperSenseProcessor.java:137)
	at com.alibaba.nacos.naming.healthcheck.TcpSuperSenseProcessor.run(TcpSuperSenseProcessor.java:154)
	at java.base/java.util.concurrent.Executors$RunnableAdapter.call(Executors.java:539)
	at java.base/java.util.concurrent.FutureTask.run(FutureTask.java:264)
	at java.base/java.util.concurrent.ScheduledThreadPoolExecutor$ScheduledFutureTask.run(ScheduledThreadPoolExecutor.java:304)
	at java.base/java.util.concurrent.ThreadPoolExecutor.runWorker(ThreadPoolExecutor.java:1136)
	at java.base/java.util.concurrent.ThreadPoolExecutor$Worker.run(ThreadPoolExecutor.java:635)
	at java.base/java.lang.Thread.run(Thread.java:833)
2023-05-18 16:46:36,075 WARN Exception while processing client beat time out.

java.lang.IllegalStateException: org.springframework.boot.web.servlet.context.AnnotationConfigServletWebServerApplicationContext@5a4aa2f2 has been closed already
	at org.springframework.context.support.AbstractApplicationContext.assertBeanFactoryActive(AbstractApplicationContext.java:1090)
	at org.springframework.context.support.AbstractApplicationContext.getBean(AbstractApplicationContext.java:1123)
	at com.alibaba.nacos.sys.utils.ApplicationUtils.getBean(ApplicationUtils.java:140)
	at com.alibaba.nacos.naming.healthcheck.ClientBeatCheckTask.getDistroMapper(ClientBeatCheckTask.java:61)
	at com.alibaba.nacos.naming.healthcheck.ClientBeatCheckTask.run(ClientBeatCheckTask.java:79)
	at java.base/java.util.concurrent.Executors$RunnableAdapter.call(Executors.java:539)
	at java.base/java.util.concurrent.FutureTask.runAndReset(FutureTask.java:305)
	at java.base/java.util.concurrent.ScheduledThreadPoolExecutor$ScheduledFutureTask.run(ScheduledThreadPoolExecutor.java:305)
	at java.base/java.util.concurrent.ThreadPoolExecutor.runWorker(ThreadPoolExecutor.java:1136)
	at java.base/java.util.concurrent.ThreadPoolExecutor$Worker.run(ThreadPoolExecutor.java:635)
	at java.base/java.lang.Thread.run(Thread.java:833)
